\BOOKMARK [0][-]{chapter.2}{\376\377\0001\000\040\000I\000n\000t\000r\000o\000d\000u\000c\000t\000i\000e}{}% 1
\BOOKMARK [0][-]{chapter.3}{\376\377\0002\000\040\000A\000r\000c\000h\000i\000t\000e\000c\000t\000u\000u\000r}{}% 2
\BOOKMARK [1][-]{section.4}{\376\377\0002\000.\0001\000\040\000C\000h\000e\000c\000k\000i\000n\000s\000\040\000e\000n\000\040\000c\000h\000e\000c\000k\000o\000u\000t\000s}{chapter.3}% 3
\BOOKMARK [2][-]{subsection.5}{\376\377\0002\000.\0001\000.\0001\000\040\000C\000h\000e\000c\000k\000i\000n}{section.4}% 4
\BOOKMARK [2][-]{subsection.6}{\376\377\0002\000.\0001\000.\0002\000\040\000C\000h\000e\000c\000k\000o\000u\000t}{section.4}% 5
\BOOKMARK [1][-]{section.7}{\376\377\0002\000.\0002\000\040\000F\000a\000b\000T\000o\000o\000l}{chapter.3}% 6
\BOOKMARK [2][-]{subsection.8}{\376\377\0002\000.\0002\000.\0001\000\040\000P\000r\000o\000j\000e\000c\000t\000e\000n}{section.7}% 7
\BOOKMARK [2][-]{subsection.9}{\376\377\0002\000.\0002\000.\0002\000\040\000A\000d\000m\000i\000n\000i\000s\000t\000r\000a\000t\000i\000e}{section.7}% 8
\BOOKMARK [2][-]{subsection.10}{\376\377\0002\000.\0002\000.\0003\000\040\000A\000a\000n\000p\000a\000s\000s\000i\000n\000g\000e\000n}{section.7}% 9
\BOOKMARK [0][-]{chapter.11}{\376\377\0003\000\040\000T\000e\000c\000h\000n\000o\000l\000o\000g\000i\000\353\000n}{}% 10
\BOOKMARK [0][-]{chapter.12}{\376\377\0004\000\040\000I\000m\000p\000l\000e\000m\000e\000n\000t\000a\000t\000i\000e}{}% 11
\BOOKMARK [1][-]{section.13}{\376\377\0004\000.\0001\000\040\000C\000h\000e\000c\000k\000i\000n}{chapter.12}% 12
\BOOKMARK [2][-]{subsection.15}{\376\377\0004\000.\0001\000.\0001\000\040\000S\000t\000u\000d\000e\000n\000t}{section.13}% 13
\BOOKMARK [2][-]{subsection.19}{\376\377\0004\000.\0001\000.\0002\000\040\000B\000e\000d\000r\000i\000j\000f\000\040\000e\000n\000\040\000O\000v\000e\000r\000i\000g\000e}{section.13}% 14
\BOOKMARK [1][-]{section.24}{\376\377\0004\000.\0002\000\040\000C\000h\000e\000c\000k\000o\000u\000t}{chapter.12}% 15
\BOOKMARK [2][-]{subsection.26}{\376\377\0004\000.\0002\000.\0001\000\040\000T\000i\000t\000e\000l}{section.24}% 16
\BOOKMARK [2][-]{subsection.27}{\376\377\0004\000.\0002\000.\0002\000\040\000F\000o\000t\000o}{section.24}% 17
\BOOKMARK [2][-]{subsection.28}{\376\377\0004\000.\0002\000.\0003\000\040\000B\000r\000o\000n\000\040\000b\000e\000s\000t\000a\000n\000d\000e\000n}{section.24}% 18
\BOOKMARK [2][-]{subsection.29}{\376\377\0004\000.\0002\000.\0004\000\040\000K\000o\000r\000t\000e\000\040\000o\000m\000s\000c\000h\000r\000i\000j\000v\000i\000n\000g}{section.24}% 19
\BOOKMARK [2][-]{subsection.30}{\376\377\0004\000.\0002\000.\0005\000\040\000I\000n\000s\000t\000e\000l\000l\000i\000n\000g\000e\000n}{section.24}% 20
\BOOKMARK [1][-]{section.31}{\376\377\0004\000.\0003\000\040\000F\000a\000b\000T\000o\000o\000l}{chapter.12}% 21
\BOOKMARK [2][-]{subsection.33}{\376\377\0004\000.\0003\000.\0001\000\040\000P\000r\000o\000j\000e\000c\000t\000e\000n}{section.31}% 22
\BOOKMARK [2][-]{subsection.37}{\376\377\0004\000.\0003\000.\0002\000\040\000A\000d\000m\000i\000n\000i\000s\000t\000r\000a\000t\000i\000e}{section.31}% 23
\BOOKMARK [3][-]{subsubsection.38}{\376\377\0004\000.\0003\000.\0002\000.\0001\000\040\000T\000a\000b\000l\000e}{subsection.37}% 24
\BOOKMARK [3][-]{subsubsection.39}{\376\377\0004\000.\0003\000.\0002\000.\0002\000\040\000T\000i\000m\000e\000b\000u\000t\000t\000o\000n\000s}{subsection.37}% 25
\BOOKMARK [3][-]{subsubsection.40}{\376\377\0004\000.\0003\000.\0002\000.\0003\000\040\000D\000a\000t\000e\000S\000e\000l\000e\000c\000t\000i\000o\000n}{subsection.37}% 26
\BOOKMARK [2][-]{subsection.41}{\376\377\0004\000.\0003\000.\0003\000\040\000A\000a\000n\000p\000a\000s\000s\000i\000n\000g\000e\000n}{section.31}% 27
\BOOKMARK [3][-]{subsubsection.42}{\376\377\0004\000.\0003\000.\0003\000.\0001\000\040\000M\000a\000t\000e\000r\000i\000a\000l\000e\000n\000t\000a\000b\000e\000l\000\040}{subsection.41}% 28
\BOOKMARK [3][-]{subsubsection.44}{\376\377\0004\000.\0003\000.\0003\000.\0002\000\040\000A\000p\000p\000a\000r\000a\000t\000e\000n\000t\000a\000b\000e\000l\000\040}{subsection.41}% 29
